<?xml version="1.0" encoding="UTF-8"?>
<testng-results ignored="0" total="1" passed="1" failed="0" skipped="0">
  <reporter-output>
  </reporter-output>
  <suite started-at="2023-05-28T17:55:02Z" name="Suite" finished-at="2023-05-28T17:55:31Z" duration-ms="28561">
    <groups>
    </groups>
    <test started-at="2023-05-28T17:55:02Z" name="Test" finished-at="2023-05-28T17:55:31Z" duration-ms="28561">
      <class name="com.sdetT.TC_Login">
        <test-method signature="login_Test()[pri:0, instance:com.sdetT.TC_Login@16eccb2e]" started-at="2023-05-28T17:55:02Z" name="login_Test" finished-at="2023-05-28T17:55:31Z" duration-ms="28484" status="PASS">
          <reporter-output>
          </reporter-output>
        </test-method> <!-- login_Test -->
      </class> <!-- com.sdetT.TC_Login -->
    </test> <!-- Test -->
  </suite> <!-- Suite -->
</testng-results>
