<?xml version="1.0" encoding="UTF-8"?>
<testng-results ignored="0" total="3" passed="3" failed="0" skipped="0">
  <reporter-output>
  </reporter-output>
  <suite started-at="2023-04-18T01:40:13 IST" name="Suite" finished-at="2023-04-18T01:40:42 IST" duration-ms="29120">
    <groups>
    </groups>
    <test started-at="2023-04-18T01:40:13 IST" name="Test" finished-at="2023-04-18T01:40:42 IST" duration-ms="29120">
      <class name="com.sdetT.AppTest">
        <test-method signature="testLogin1()[pri:0, instance:com.sdetT.AppTest@5824a83d]" started-at="2023-04-18T01:40:13 IST" name="testLogin1" finished-at="2023-04-18T01:40:13 IST" duration-ms="41" status="PASS">
          <reporter-output>
          </reporter-output>
        </test-method> <!-- testLogin1 -->
        <test-method signature="testLogin2()[pri:0, instance:com.sdetT.AppTest@5824a83d]" started-at="2023-04-18T01:40:13 IST" name="testLogin2" finished-at="2023-04-18T01:40:13 IST" duration-ms="5" status="PASS">
          <reporter-output>
          </reporter-output>
        </test-method> <!-- testLogin2 -->
      </class> <!-- com.sdetT.AppTest -->
      <class name="com.sdetT.TC_Login">
        <test-method signature="login_Test()[pri:0, instance:com.sdetT.TC_Login@20140db9]" started-at="2023-04-18T01:40:13 IST" name="login_Test" finished-at="2023-04-18T01:40:42 IST" duration-ms="28857" status="PASS">
          <reporter-output>
          </reporter-output>
        </test-method> <!-- login_Test -->
      </class> <!-- com.sdetT.TC_Login -->
    </test> <!-- Test -->
  </suite> <!-- Suite -->
</testng-results>
